{"C:\\Users\\Raja\\Desktop\\PROMPTWARS\\lexguard-extension\\api\\fetch-url.js": {"path":"C:\\Users\\Raja\\Desktop\\PROMPTWARS\\lexguard-extension\\api\\fetch-url.js","statementMap":{"0":{"start":{"line":1,"column":23},"end":{"line":1,"column":53}},"1":{"start":{"line":2,"column":14},"end":{"line":2,"column":35}},"2":{"start":{"line":4,"column":0},"end":{"line":135,"column":2}},"3":{"start":{"line":5,"column":2},"end":{"line":5,"column":52}},"4":{"start":{"line":6,"column":2},"end":{"line":6,"column":65}},"5":{"start":{"line":7,"column":2},"end":{"line":7,"column":64}},"6":{"start":{"line":8,"column":2},"end":{"line":8,"column":61}},"7":{"start":{"line":8,"column":32},"end":{"line":8,"column":61}},"8":{"start":{"line":11,"column":2},"end":{"line":27,"column":3}},"9":{"start":{"line":12,"column":16},"end":{"line":12,"column":49}},"10":{"start":{"line":13,"column":22},"end":{"line":13,"column":54}},"11":{"start":{"line":14,"column":4},"end":{"line":26,"column":7}},"12":{"start":{"line":29,"column":2},"end":{"line":29,"column":90}},"13":{"start":{"line":29,"column":29},"end":{"line":29,"column":90}},"14":{"start":{"line":31,"column":38},"end":{"line":31,"column":46}},"15":{"start":{"line":34,"column":20},"end":{"line":34,"column":46}},"16":{"start":{"line":35,"column":22},"end":{"line":35,"column":50}},"17":{"start":{"line":37,"column":19},"end":{"line":37,"column":28}},"18":{"start":{"line":38,"column":2},"end":{"line":52,"column":3}},"19":{"start":{"line":39,"column":4},"end":{"line":39,"column":45}},"20":{"start":{"line":41,"column":4},"end":{"line":43,"column":5}},"21":{"start":{"line":42,"column":6},"end":{"line":42,"column":43}},"22":{"start":{"line":45,"column":4},"end":{"line":45,"column":74}},"23":{"start":{"line":47,"column":4},"end":{"line":49,"column":5}},"24":{"start":{"line":48,"column":6},"end":{"line":48,"column":93}},"25":{"start":{"line":50,"column":4},"end":{"line":50,"column":73}},"26":{"start":{"line":51,"column":4},"end":{"line":51,"column":58}},"27":{"start":{"line":54,"column":2},"end":{"line":56,"column":3}},"28":{"start":{"line":55,"column":4},"end":{"line":55,"column":145}},"29":{"start":{"line":58,"column":2},"end":{"line":127,"column":3}},"30":{"start":{"line":59,"column":19},"end":{"line":59,"column":607}},"31":{"start":{"line":61,"column":17},"end":{"line":66,"column":6}},"32":{"start":{"line":68,"column":4},"end":{"line":126,"column":5}},"33":{"start":{"line":70,"column":20},"end":{"line":70,"column":58}},"34":{"start":{"line":72,"column":6},"end":{"line":95,"column":7}},"35":{"start":{"line":75,"column":8},"end":{"line":75,"column":148}},"36":{"start":{"line":78,"column":21},"end":{"line":89,"column":10}},"37":{"start":{"line":91,"column":23},"end":{"line":91,"column":45}},"38":{"start":{"line":92,"column":28},"end":{"line":92,"column":65}},"39":{"start":{"line":93,"column":8},"end":{"line":93,"column":172}},"40":{"start":{"line":94,"column":8},"end":{"line":94,"column":59}},"41":{"start":{"line":98,"column":23},"end":{"line":102,"column":8}},"42":{"start":{"line":104,"column":6},"end":{"line":107,"column":7}},"43":{"start":{"line":105,"column":25},"end":{"line":105,"column":64}},"44":{"start":{"line":105,"column":60},"end":{"line":105,"column":62}},"45":{"start":{"line":106,"column":9},"end":{"line":106,"column":98}},"46":{"start":{"line":109,"column":21},"end":{"line":109,"column":42}},"47":{"start":{"line":110,"column":6},"end":{"line":110,"column":70}},"48":{"start":{"line":112,"column":6},"end":{"line":112,"column":98}},"49":{"start":{"line":112,"column":24},"end":{"line":112,"column":98}},"50":{"start":{"line":113,"column":6},"end":{"line":113,"column":133}},"51":{"start":{"line":113,"column":64},"end":{"line":113,"column":133}},"52":{"start":{"line":115,"column":22},"end":{"line":115,"column":79}},"53":{"start":{"line":116,"column":6},"end":{"line":116,"column":40}},"54":{"start":{"line":117,"column":25},"end":{"line":117,"column":45}},"55":{"start":{"line":118,"column":24},"end":{"line":118,"column":48}},"56":{"start":{"line":119,"column":6},"end":{"line":119,"column":105}},"57":{"start":{"line":119,"column":29},"end":{"line":119,"column":105}},"58":{"start":{"line":121,"column":22},"end":{"line":121,"column":66}},"59":{"start":{"line":122,"column":6},"end":{"line":122,"column":55}},"60":{"start":{"line":124,"column":6},"end":{"line":124,"column":40}},"61":{"start":{"line":125,"column":6},"end":{"line":125,"column":90}},"62":{"start":{"line":130,"column":2},"end":{"line":132,"column":3}},"63":{"start":{"line":131,"column":4},"end":{"line":131,"column":78}},"64":{"start":{"line":134,"column":2},"end":{"line":134,"column":59}}},"fnMap":{"0":{"name":"(anonymous_0)","decl":{"start":{"line":4,"column":17},"end":{"line":4,"column":18}},"loc":{"start":{"line":4,"column":37},"end":{"line":135,"column":1}},"line":4},"1":{"name":"(anonymous_1)","decl":{"start":{"line":105,"column":53},"end":{"line":105,"column":54}},"loc":{"start":{"line":105,"column":60},"end":{"line":105,"column":62}},"line":105}},"branchMap":{"0":{"loc":{"start":{"line":8,"column":2},"end":{"line":8,"column":61}},"type":"if","locations":[{"start":{"line":8,"column":2},"end":{"line":8,"column":61}},{"start":{},"end":{}}],"line":8},"1":{"loc":{"start":{"line":11,"column":2},"end":{"line":27,"column":3}},"type":"if","locations":[{"start":{"line":11,"column":2},"end":{"line":27,"column":3}},{"start":{},"end":{}}],"line":11},"2":{"loc":{"start":{"line":12,"column":16},"end":{"line":12,"column":49}},"type":"binary-expr","locations":[{"start":{"line":12,"column":16},"end":{"line":12,"column":43}},{"start":{"line":12,"column":47},"end":{"line":12,"column":49}}],"line":12},"3":{"loc":{"start":{"line":13,"column":22},"end":{"line":13,"column":54}},"type":"binary-expr","locations":[{"start":{"line":13,"column":22},"end":{"line":13,"column":48}},{"start":{"line":13,"column":52},"end":{"line":13,"column":54}}],"line":13},"4":{"loc":{"start":{"line":19,"column":29},"end":{"line":19,"column":71}},"type":"cond-expr","locations":[{"start":{"line":19,"column":41},"end":{"line":19,"column":66}},{"start":{"line":19,"column":69},"end":{"line":19,"column":71}}],"line":19},"5":{"loc":{"start":{"line":20,"column":29},"end":{"line":20,"column":87}},"type":"cond-expr","locations":[{"start":{"line":20,"column":41},"end":{"line":20,"column":82}},{"start":{"line":20,"column":85},"end":{"line":20,"column":87}}],"line":20},"6":{"loc":{"start":{"line":29,"column":2},"end":{"line":29,"column":90}},"type":"if","locations":[{"start":{"line":29,"column":2},"end":{"line":29,"column":90}},{"start":{},"end":{}}],"line":29},"7":{"loc":{"start":{"line":38,"column":2},"end":{"line":52,"column":3}},"type":"if","locations":[{"start":{"line":38,"column":2},"end":{"line":52,"column":3}},{"start":{},"end":{}}],"line":38},"8":{"loc":{"start":{"line":41,"column":4},"end":{"line":43,"column":5}},"type":"if","locations":[{"start":{"line":41,"column":4},"end":{"line":43,"column":5}},{"start":{},"end":{}}],"line":41},"9":{"loc":{"start":{"line":41,"column":8},"end":{"line":41,"column":62}},"type":"binary-expr","locations":[{"start":{"line":41,"column":8},"end":{"line":41,"column":34}},{"start":{"line":41,"column":38},"end":{"line":41,"column":62}}],"line":41},"10":{"loc":{"start":{"line":47,"column":4},"end":{"line":49,"column":5}},"type":"if","locations":[{"start":{"line":47,"column":4},"end":{"line":49,"column":5}},{"start":{},"end":{}}],"line":47},"11":{"loc":{"start":{"line":54,"column":2},"end":{"line":56,"column":3}},"type":"if","locations":[{"start":{"line":54,"column":2},"end":{"line":56,"column":3}},{"start":{},"end":{}}],"line":54},"12":{"loc":{"start":{"line":54,"column":6},"end":{"line":54,"column":47}},"type":"binary-expr","locations":[{"start":{"line":54,"column":6},"end":{"line":54,"column":16}},{"start":{"line":54,"column":20},"end":{"line":54,"column":32}},{"start":{"line":54,"column":36},"end":{"line":54,"column":47}}],"line":54},"13":{"loc":{"start":{"line":58,"column":2},"end":{"line":127,"column":3}},"type":"if","locations":[{"start":{"line":58,"column":2},"end":{"line":127,"column":3}},{"start":{},"end":{}}],"line":58},"14":{"loc":{"start":{"line":58,"column":6},"end":{"line":58,"column":54}},"type":"binary-expr","locations":[{"start":{"line":58,"column":6},"end":{"line":58,"column":26}},{"start":{"line":58,"column":30},"end":{"line":58,"column":54}}],"line":58},"15":{"loc":{"start":{"line":59,"column":548},"end":{"line":59,"column":605}},"type":"cond-expr","locations":[{"start":{"line":59,"column":571},"end":{"line":59,"column":575}},{"start":{"line":59,"column":578},"end":{"line":59,"column":605}}],"line":59},"16":{"loc":{"start":{"line":62,"column":16},"end":{"line":64,"column":112}},"type":"cond-expr","locations":[{"start":{"line":63,"column":10},"end":{"line":63,"column":55}},{"start":{"line":64,"column":10},"end":{"line":64,"column":112}}],"line":62},"17":{"loc":{"start":{"line":72,"column":6},"end":{"line":95,"column":7}},"type":"if","locations":[{"start":{"line":72,"column":6},"end":{"line":95,"column":7}},{"start":{"line":76,"column":13},"end":{"line":95,"column":7}}],"line":72},"18":{"loc":{"start":{"line":104,"column":6},"end":{"line":107,"column":7}},"type":"if","locations":[{"start":{"line":104,"column":6},"end":{"line":107,"column":7}},{"start":{},"end":{}}],"line":104},"19":{"loc":{"start":{"line":112,"column":6},"end":{"line":112,"column":98}},"type":"if","locations":[{"start":{"line":112,"column":6},"end":{"line":112,"column":98}},{"start":{},"end":{}}],"line":112},"20":{"loc":{"start":{"line":113,"column":6},"end":{"line":113,"column":133}},"type":"if","locations":[{"start":{"line":113,"column":6},"end":{"line":113,"column":133}},{"start":{},"end":{}}],"line":113},"21":{"loc":{"start":{"line":113,"column":10},"end":{"line":113,"column":62}},"type":"binary-expr","locations":[{"start":{"line":113,"column":10},"end":{"line":113,"column":28}},{"start":{"line":113,"column":32},"end":{"line":113,"column":62}}],"line":113},"22":{"loc":{"start":{"line":115,"column":22},"end":{"line":115,"column":79}},"type":"binary-expr","locations":[{"start":{"line":115,"column":22},"end":{"line":115,"column":71}},{"start":{"line":115,"column":75},"end":{"line":115,"column":79}}],"line":115},"23":{"loc":{"start":{"line":119,"column":6},"end":{"line":119,"column":105}},"type":"if","locations":[{"start":{"line":119,"column":6},"end":{"line":119,"column":105}},{"start":{},"end":{}}],"line":119},"24":{"loc":{"start":{"line":130,"column":2},"end":{"line":132,"column":3}},"type":"if","locations":[{"start":{"line":130,"column":2},"end":{"line":132,"column":3}},{"start":{},"end":{}}],"line":130},"25":{"loc":{"start":{"line":130,"column":6},"end":{"line":130,"column":35}},"type":"binary-expr","locations":[{"start":{"line":130,"column":6},"end":{"line":130,"column":28}},{"start":{"line":130,"column":32},"end":{"line":130,"column":35}}],"line":130}},"s":{"0":1,"1":1,"2":1,"3":1,"4":1,"5":1,"6":1,"7":0,"8":1,"9":0,"10":0,"11":0,"12":1,"13":0,"14":1,"15":1,"16":1,"17":1,"18":1,"19":1,"20":1,"21":0,"22":1,"23":1,"24":0,"25":1,"26":1,"27":1,"28":0,"29":1,"30":0,"31":0,"32":0,"33":0,"34":0,"35":0,"36":0,"37":0,"38":0,"39":0,"40":0,"41":0,"42":0,"43":0,"44":0,"45":0,"46":0,"47":0,"48":0,"49":0,"50":0,"51":0,"52":0,"53":0,"54":0,"55":0,"56":0,"57":0,"58":0,"59":0,"60":0,"61":0,"62":1,"63":0,"64":1},"f":{"0":1,"1":0},"b":{"0":[0,1],"1":[0,1],"2":[0,0],"3":[0,0],"4":[0,0],"5":[0,0],"6":[0,1],"7":[1,0],"8":[0,1],"9":[1,0],"10":[0,1],"11":[0,1],"12":[1,1,1],"13":[0,1],"14":[1,1],"15":[0,0],"16":[0,0],"17":[0,0],"18":[0,0],"19":[0,0],"20":[0,0],"21":[0,0],"22":[0,0],"23":[0,0],"24":[0,1],"25":[1,1]},"_coverageSchema":"1a1c01bbd47fc00a2c39e90264f33305004495a9","hash":"2bd1bfb08776400d99c4f1dac883ee1befe2b111"}
}
