TN:
SF:api\fetch-url.js
FN:4,(anonymous_0)
FN:105,(anonymous_1)
FNF:2
FNH:1
FNDA:1,(anonymous_0)
FNDA:0,(anonymous_1)
DA:1,1
DA:2,1
DA:4,1
DA:5,1
DA:6,1
DA:7,1
DA:8,1
DA:11,1
DA:12,0
DA:13,0
DA:14,0
DA:29,1
DA:31,1
DA:34,1
DA:35,1
DA:37,1
DA:38,1
DA:39,1
DA:41,1
DA:42,0
DA:45,1
DA:47,1
DA:48,0
DA:50,1
DA:51,1
DA:54,1
DA:55,0
DA:58,1
DA:59,0
DA:61,0
DA:68,0
DA:70,0
DA:72,0
DA:75,0
DA:78,0
DA:91,0
DA:92,0
DA:93,0
DA:94,0
DA:98,0
DA:104,0
DA:105,0
DA:106,0
DA:109,0
DA:110,0
DA:112,0
DA:113,0
DA:115,0
DA:116,0
DA:117,0
DA:118,0
DA:119,0
DA:121,0
DA:122,0
DA:124,0
DA:125,0
DA:130,1
DA:131,0
DA:134,1
LF:59
LH:24
BRDA:8,0,0,0
BRDA:8,0,1,1
BRDA:11,1,0,0
BRDA:11,1,1,1
BRDA:12,2,0,0
BRDA:12,2,1,0
BRDA:13,3,0,0
BRDA:13,3,1,0
BRDA:19,4,0,0
BRDA:19,4,1,0
BRDA:20,5,0,0
BRDA:20,5,1,0
BRDA:29,6,0,0
BRDA:29,6,1,1
BRDA:38,7,0,1
BRDA:38,7,1,0
BRDA:41,8,0,0
BRDA:41,8,1,1
BRDA:41,9,0,1
BRDA:41,9,1,0
BRDA:47,10,0,0
BRDA:47,10,1,1
BRDA:54,11,0,0
BRDA:54,11,1,1
BRDA:54,12,0,1
BRDA:54,12,1,1
BRDA:54,12,2,1
BRDA:58,13,0,0
BRDA:58,13,1,1
BRDA:58,14,0,1
BRDA:58,14,1,1
BRDA:59,15,0,0
BRDA:59,15,1,0
BRDA:62,16,0,0
BRDA:62,16,1,0
BRDA:72,17,0,0
BRDA:72,17,1,0
BRDA:104,18,0,0
BRDA:104,18,1,0
BRDA:112,19,0,0
BRDA:112,19,1,0
BRDA:113,20,0,0
BRDA:113,20,1,0
BRDA:113,21,0,0
BRDA:113,21,1,0
BRDA:115,22,0,0
BRDA:115,22,1,0
BRDA:119,23,0,0
BRDA:119,23,1,0
BRDA:130,24,0,0
BRDA:130,24,1,1
BRDA:130,25,0,1
BRDA:130,25,1,1
BRF:53
BRH:17
end_of_record
